<?xml version="1.0" encoding="UTF-8"?>
<testsuite name="GeneTest" tests="18" skipped="0" failures="0" errors="0" timestamp="2022-05-22T04:44:06" hostname="Rahuls-MacBook-Pro-2.local" time="0.022">
  <properties/>
  <testcase name="io.kotest.core.Tuple2" classname="GeneTest" time="0.001"/>
  <testcase name="(1) io.kotest.core.Tuple2" classname="GeneTest" time="0.0"/>
  <testcase name="(2) io.kotest.core.Tuple2" classname="GeneTest" time="0.0"/>
  <testcase name="(3) io.kotest.core.Tuple2" classname="GeneTest" time="0.0"/>
  <testcase name="(4) io.kotest.core.Tuple2" classname="GeneTest" time="0.0"/>
  <testcase name="(5) io.kotest.core.Tuple2" classname="GeneTest" time="0.0"/>
  <testcase name="(6) io.kotest.core.Tuple2" classname="GeneTest" time="0.0"/>
  <testcase name="(7) io.kotest.core.Tuple2" classname="GeneTest" time="0.0"/>
  <testcase name="io.kotest.core.Tuple2" classname="GeneTest" time="0.0"/>
  <testcase name="(1) io.kotest.core.Tuple2" classname="GeneTest" time="0.0"/>
  <testcase name="io.kotest.core.Tuple2" classname="GeneTest" time="0.0"/>
  <testcase name="(1) io.kotest.core.Tuple2" classname="GeneTest" time="0.0"/>
  <testcase name="io.kotest.core.Tuple2" classname="GeneTest" time="0.0"/>
  <testcase name="(1) io.kotest.core.Tuple2" classname="GeneTest" time="0.0"/>
  <testcase name="(2) io.kotest.core.Tuple2" classname="GeneTest" time="0.0"/>
  <testcase name="io.kotest.core.Tuple2" classname="GeneTest" time="0.0"/>
  <testcase name="(1) io.kotest.core.Tuple2" classname="GeneTest" time="0.0"/>
  <testcase name="(2) io.kotest.core.Tuple2" classname="GeneTest" time="0.0"/>
  <system-out><![CDATA[WARN: Duplicated test name io.kotest.core.Tuple2. To disable this message, set DuplicateTestNameMode to None.
WARN: Duplicated test name io.kotest.core.Tuple2. To disable this message, set DuplicateTestNameMode to None.
WARN: Duplicated test name io.kotest.core.Tuple2. To disable this message, set DuplicateTestNameMode to None.
WARN: Duplicated test name io.kotest.core.Tuple2. To disable this message, set DuplicateTestNameMode to None.
WARN: Duplicated test name io.kotest.core.Tuple2. To disable this message, set DuplicateTestNameMode to None.
WARN: Duplicated test name io.kotest.core.Tuple2. To disable this message, set DuplicateTestNameMode to None.
WARN: Duplicated test name io.kotest.core.Tuple2. To disable this message, set DuplicateTestNameMode to None.
WARN: Duplicated test name io.kotest.core.Tuple2. To disable this message, set DuplicateTestNameMode to None.
WARN: Duplicated test name io.kotest.core.Tuple2. To disable this message, set DuplicateTestNameMode to None.
WARN: Duplicated test name io.kotest.core.Tuple2. To disable this message, set DuplicateTestNameMode to None.
WARN: Duplicated test name io.kotest.core.Tuple2. To disable this message, set DuplicateTestNameMode to None.
WARN: Duplicated test name io.kotest.core.Tuple2. To disable this message, set DuplicateTestNameMode to None.
WARN: Duplicated test name io.kotest.core.Tuple2. To disable this message, set DuplicateTestNameMode to None.
]]></system-out>
  <system-err><![CDATA[]]></system-err>
</testsuite>
